2025-06-20 07:54:52,776 - INFO - Model Training Initialized.....
2025-06-20 07:54:52,777 - INFO - Starting Model Training Pipeline
2025-06-20 07:54:52,785 - INFO - Extracting Data from redis
2025-06-20 07:54:52,887 - INFO - Extracting Data from redis
2025-06-20 07:54:52,915 - INFO - Index(['Age', 'Fare', 'Pclass', 'Sex', 'Embarked', 'FamilySize', 'IsAlone',
       'HasCabin', 'Title', 'Pclass_Fare', 'Age_Fare'],
      dtype='object')
2025-06-20 07:55:38,412 - INFO - Model Training Initialized.....
2025-06-20 07:55:38,413 - INFO - Starting Model Training Pipeline
2025-06-20 07:55:38,417 - INFO - Extracting Data from redis
2025-06-20 07:55:38,513 - INFO - Extracting Data from redis
2025-06-20 07:55:38,543 - INFO - Index(['Age', 'Fare', 'Pclass', 'Sex', 'Embarked', 'FamilySize', 'IsAlone',
       'HasCabin', 'Title', 'Pclass_Fare', 'Age_Fare'],
      dtype='object')
2025-06-20 07:55:38,544 - INFO - Data Preperation Is Done....
2025-06-20 07:55:44,423 - INFO - Best Parameters {'n_estimators': 200, 'min_samples_split': 2, 'min_samples_leaf': 1, 'max_depth': 20}
2025-06-20 07:55:44,432 - INFO - Accuracy is 0.7832167832167832
2025-06-20 07:55:44,544 - INFO - Model Saved atartifacts/models/random_forest_model.pkl
2025-06-20 07:55:44,545 - INFO - End Of Model Training Pipeline with 0.78% accuracy
2025-06-20 07:56:23,899 - INFO - Model Training Initialized.....
2025-06-20 07:56:23,899 - INFO - Starting Model Training Pipeline
2025-06-20 07:56:23,905 - INFO - Extracting Data from redis
2025-06-20 07:56:24,025 - INFO - Extracting Data from redis
2025-06-20 07:56:24,055 - INFO - Index(['Age', 'Fare', 'Pclass', 'Sex', 'Embarked', 'FamilySize', 'IsAlone',
       'HasCabin', 'Title', 'Pclass_Fare', 'Age_Fare'],
      dtype='object')
2025-06-20 07:56:24,056 - INFO - Data Preperation Is Done....
2025-06-20 07:56:30,137 - INFO - Best Parameters {'n_estimators': 200, 'min_samples_split': 2, 'min_samples_leaf': 1, 'max_depth': 20}
2025-06-20 07:56:30,148 - INFO - Accuracy is 0.7832167832167832
2025-06-20 07:56:30,176 - INFO - Model Saved atartifacts/models/random_forest_model.pkl
2025-06-20 07:56:30,176 - INFO - End Of Model Training Pipeline with 0.78% accuracy
